TN:
SF:C:\Users\RODRIGO\OneDrive - ITESO\Universidad\6. Sexto semestre - Primavera 2022\Programación de aplicaciones de escritorio\Actividades\Actividad 1\src\app.js
FN:9,(anonymous_0)
FNF:1
FNH:0
FNDA:0,(anonymous_0)
DA:1,1
DA:3,1
DA:5,1
DA:7,1
DA:9,1
DA:10,0
DA:13,1
DA:18,1
LF:8
LH:7
BRF:0
BRH:0
end_of_record
TN:
SF:C:\Users\RODRIGO\OneDrive - ITESO\Universidad\6. Sexto semestre - Primavera 2022\Programación de aplicaciones de escritorio\Actividades\Actividad 1\src\server.js
FN:4,(anonymous_0)
FNF:1
FNH:0
FNDA:0,(anonymous_0)
DA:1,0
DA:2,0
DA:4,0
LF:3
LH:0
BRDA:2,0,0,0
BRDA:2,0,1,0
BRF:2
BRH:0
end_of_record
TN:
SF:C:\Users\RODRIGO\OneDrive - ITESO\Universidad\6. Sexto semestre - Primavera 2022\Programación de aplicaciones de escritorio\Actividades\Actividad 1\src\controllers\pet.controller.js
FN:5,(anonymous_0)
FN:10,(anonymous_1)
FN:14,(anonymous_2)
FN:16,(anonymous_3)
FN:19,(anonymous_4)
FN:20,(anonymous_5)
FN:23,(anonymous_6)
FN:30,(anonymous_7)
FN:38,(anonymous_8)
FNF:9
FNH:2
FNDA:1,(anonymous_0)
FNDA:1,(anonymous_1)
FNDA:0,(anonymous_2)
FNDA:0,(anonymous_3)
FNDA:0,(anonymous_4)
FNDA:0,(anonymous_5)
FNDA:0,(anonymous_6)
FNDA:0,(anonymous_7)
FNDA:0,(anonymous_8)
DA:1,1
DA:2,1
DA:6,1
DA:7,1
DA:11,1
DA:15,0
DA:16,0
DA:20,0
DA:24,0
DA:25,0
DA:26,0
DA:27,0
DA:31,0
DA:32,0
DA:33,0
DA:34,0
DA:35,0
DA:39,0
DA:40,0
DA:41,0
DA:42,0
DA:43,0
DA:47,1
LF:23
LH:6
BRDA:5,0,0,1
BRDA:5,1,0,1
BRF:2
BRH:2
end_of_record
TN:
SF:C:\Users\RODRIGO\OneDrive - ITESO\Universidad\6. Sexto semestre - Primavera 2022\Programación de aplicaciones de escritorio\Actividades\Actividad 1\src\routes\pet.route.js
FN:9,(anonymous_0)
FN:14,(anonymous_1)
FN:20,(anonymous_2)
FN:26,(anonymous_3)
FN:32,(anonymous_4)
FNF:5
FNH:1
FNDA:1,(anonymous_0)
FNDA:0,(anonymous_1)
FNDA:0,(anonymous_2)
FNDA:0,(anonymous_3)
FNDA:0,(anonymous_4)
DA:1,1
DA:2,1
DA:4,1
DA:5,1
DA:9,1
DA:10,1
DA:14,1
DA:15,0
DA:16,0
DA:20,1
DA:21,0
DA:22,0
DA:26,1
DA:27,0
DA:28,0
DA:32,1
DA:33,0
DA:34,0
DA:37,1
LF:19
LH:11
BRF:0
BRH:0
end_of_record
TN:
SF:C:\Users\RODRIGO\OneDrive - ITESO\Universidad\6. Sexto semestre - Primavera 2022\Programación de aplicaciones de escritorio\Actividades\Actividad 1\src\utils\fileHelpers.js
FN:7,saveJSON
FN:12,getJSON
FN:17,restore
FNF:3
FNH:1
FNDA:0,saveJSON
FNDA:0,getJSON
FNDA:1,restore
DA:1,1
DA:2,1
DA:4,1
DA:5,1
DA:8,0
DA:9,0
DA:13,0
DA:14,0
DA:18,1
DA:19,1
DA:22,1
LF:11
LH:7
BRF:0
BRH:0
end_of_record
